IQ-TREE multicore version 2.2.0-beta COVID-edition for Linux 64-bit built Mar  3 2022 built Mar  3 2022
Developed by Bui Quang Minh, James Barbetti, Nguyen Lam Tung,
Olga Chernomor, Heiko Schmidt, Dominik Schrempf, Michael Woodhams, Ly Trong Nhan.

Host:    lx1 (AVX512, FMA3, 31 GB RAM)
Command: iqtree2 -nt 1 -s results/rsv/alignedandsorted-delim.fasta -m GTR -ninit 2 -n 2 -me 0.05
Seed:    58495 (Using SPRNG - Scalable Parallel Random Number Generator)
Time:    Tue Jul 12 14:03:02 2022
Kernel:  AVX+FMA - 1 threads (8 CPU cores detected)

HINT: Use -nt option to specify number of threads because your CPU has 8 cores!
HINT: -nt AUTO will automatically determine the best number of threads to use.

Reading alignment file results/rsv/alignedandsorted-delim.fasta ... Fasta format detected
Reading fasta file: done in 0.0217871 secs using 97.51% CPU
Alignment most likely contains DNA/RNA sequences
Constructing alignment: done in 0.0112246 secs using 50.42% CPU
WARNING: 6 sites contain only gaps or ambiguous characters.
Alignment has 160 sequences with 15286 columns, 3031 distinct patterns
2541 parsimony-informative, 1430 singleton sites, 11315 constant sites
          Gap/Ambiguity  Composition  p-value
Analyzing sequences: done in 0.000569853 secs using 79.85% CPU
   1  MG642040    1.22%    passed     97.79%
   2  MG642028    1.22%    passed     97.65%
   3  MG642074    1.20%    passed     99.22%
   4  MG642058    1.22%    passed     97.89%
   5  MG642032    1.22%    passed     98.25%
   6  OK649668    0.73%    passed     99.18%
   7  MG642024    1.23%    passed     97.42%
   8  MG642060    1.24%    passed     99.60%
   9  MG642056    1.20%    passed     99.72%
  10  MG642026    1.20%    passed     99.56%
  11  MG642031    1.20%    passed     99.75%
  12  MG642063    1.20%    passed     99.85%
  13  MG642079    1.20%    passed     99.75%
  14  MG642081    1.20%    passed     99.69%
  15  MG642035    1.21%    passed     99.25%
  16  MG642071    1.21%    passed     99.09%
  17  MG642034    1.20%    passed     99.17%
  18  MG642041   17.66%    passed     37.86%
  19  MG642038    1.24%    passed     98.08%
  20  MG642070    1.22%    passed     99.82%
  21  MG642069    1.24%    passed     97.96%
  22  MG642075    1.24%    passed     97.02%
  23  MG642077    1.22%    passed     98.70%
  24  MG642067    1.24%    passed     95.96%
  25  MG642083    1.24%    passed     99.70%
  26  MG642030    1.22%    passed     99.65%
  27  MG642048    1.20%    passed     99.48%
  28  MG642055    1.20%    passed     98.55%
  29  OK649676    0.69%    passed     99.54%
  30  MG642033    1.21%    passed     97.55%
  31  MG642050    1.20%    passed     97.83%
  32  MG642052    1.19%    passed     98.57%
  33  MG642080    1.20%    passed     97.77%
  34  MG642061    1.19%    passed     98.48%
  35  OK649590    0.73%    passed     99.60%
  36  OK649592    0.66%    passed     97.96%
  37  OK649675    0.71%    passed     98.71%
  38  OK649589    0.65%    passed     95.06%
  39  OK649669    0.79%    passed     99.55%
  40  OK649657    0.95%    passed     98.35%
  41  OK649594    0.75%    passed     96.24%
  42  OK649593    0.77%    passed     96.06%
  43  OK649659    0.80%    passed     99.63%
  44  OK649658    0.71%    passed     99.61%
  45  OK649671    0.81%    passed     99.69%
  46  OK649670    0.73%    passed     97.92%
  47  OK649672    0.68%    passed     88.13%
  48  OK649679    0.73%    passed     94.69%
  49  OK649663    0.83%    passed     97.91%
  50  OK649678    0.73%    passed     99.83%
  51  OK649674    0.72%    passed     98.82%
  52  OK649677    0.69%    passed     98.76%
  53  OK649673    0.76%    passed     97.60%
  54  OK649664    0.85%    passed     99.83%
  55  OK649665    0.78%    passed     99.67%
  56  OK649667    0.76%    passed     98.53%
  57  OK649604    0.73%    passed     99.13%
  58  OK649605    0.71%    passed     99.40%
  59  OK649666    0.75%    passed     99.51%
  60  OK649600    0.73%    passed     97.92%
  61  OK649610    0.56%    passed     99.67%
  62  OK649608    0.84%    passed     99.83%
  63  OK649619    0.72%    passed     96.55%
  64  OK649632    0.79%    passed     97.92%
  65  OK649620    0.77%    passed     96.53%
  66  OK649621    0.75%    passed     97.92%
  67  OK649634    0.64%    passed     98.48%
  68  OK649636    0.71%    passed     99.86%
  69  OK649635    0.60%    passed     99.24%
  70  OK649637    0.77%    passed     99.89%
  71  OK649638    0.73%    passed     98.24%
  72  OK649640    0.68%    passed     99.11%
  73  OK649641    0.74%    passed     99.70%
  74  OK649639    0.91%    passed     98.66%
  75  KY782635    0.54%    passed     97.78%
  76  OK649645    0.63%    passed     99.57%
  77  OK649647    0.64%    passed     98.81%
  78  OK649648    0.59%    passed     99.77%
  79  OK649651    1.09%    passed     99.42%
  80  OK649652    0.67%    passed     99.99%
  81  OK649646    0.71%    passed     98.19%
  82  OK649654    0.73%    passed     96.99%
  83  OK649649    0.63%    passed     99.54%
  84  OK649653    0.85%    passed     99.49%
  85  MN251607    3.40%    passed     82.20%
  86  OK649660    0.78%    passed     93.30%
  87  MK109774    1.22%    passed     99.98%
  88  OK649661    0.88%    passed     99.88%
  89  MK109763    1.26%    passed     99.94%
  90  MK109777    2.06%    passed     95.84%
  91  MK109787    0.87%    passed     99.77%
  92  MK109773    1.21%    passed    100.00%
  93  MK109772    1.23%    passed     99.98%
  94  MK109776    1.21%    passed     99.99%
  95  MK109775    1.22%    passed     99.91%
  96  OK649680    0.71%    passed     98.69%
  97  OK649681    0.40%    passed     99.98%
  98  OK649662    0.76%    passed     99.42%
  99  OK649682    0.29%    passed     99.86%
 100  MN531557    2.51%    passed     93.74%
 101  KY982517    0.42%    passed     99.95%
 102  KY982516    0.44%    passed     99.84%
 103  OK649683    0.29%    passed     99.95%
 104  KY967362    1.31%    passed     99.53%
 105  MF001039    2.03%    passed     99.84%
 106  MF001049    1.11%    passed     99.30%
 107  KY967364    0.76%    passed     99.06%
 108  MF001051    1.09%    passed     99.57%
 109  MF001038    1.11%    passed     98.76%
 110  MF001053    1.35%    passed     99.98%
 111  MF001056    1.74%    passed     99.61%
 112  MF001057    0.92%    passed     98.98%
 113  OK649684    0.24%    passed     99.87%
 114  MK749913    1.19%    passed     99.18%
 115  MK749893    1.25%    passed     98.03%
 116  MK749911    1.27%    passed     99.41%
 117  MK749867    1.25%    passed     98.06%
 118  MK749895    1.26%    passed     99.98%
 119  MK749886    1.25%    passed     98.48%
 120  MK749909    1.25%    passed     99.94%
 121  MK749890    1.26%    passed     98.83%
 122  MK749917    1.25%    passed     99.17%
 123  LR699737    0.08%    passed     99.84%
 124  MK749884    1.25%    passed     99.04%
 125  MH279547    0.77%    passed     99.46%
 126  MH290724    0.42%    passed     99.73%
 127  MN306017    0.18%    passed     99.82%
 128  MN310477    1.63%    passed     99.73%
 129  OM256489    0.39%    passed     99.17%
 130  OM256490    0.61%    passed     98.77%
 131  OM256488    0.20%    passed     98.79%
 132  OM256491    0.73%    passed     98.55%
 133  OM256492    0.31%    passed     97.64%
 134  LR699736    0.07%    passed     99.80%
 135  LR699315    0.07%    passed     98.95%
 136  LR699734    0.07%    passed     99.67%
 137  MN306029    0.63%    passed     99.90%
 138  MN306045    0.70%    passed     99.29%
 139  MN306050    0.85%    passed     99.95%
 140  MT422269    2.32%    passed     97.04%
 141  MN306048    0.34%    passed     99.54%
 142  MN306054    1.13%    passed     99.81%
 143  MT422273    2.18%    passed     91.24%
 144  MT422270    2.13%    passed     99.19%
 145  MT422271    2.13%    passed     90.64%
 146  MT422272    2.13%    passed     90.64%
 147  OM857164    2.20%    passed     91.66%
 148  OM857295    2.15%    passed     75.60%
 149  OM857226    2.14%    passed     71.49%
 150  OM857324    2.14%    passed     75.43%
 151  OM857343    0.58%    passed     96.78%
 152  OM857344    0.58%    passed     95.84%
 153  OM857282    2.14%    passed     83.52%
 154  OM857351    0.58%    passed     96.27%
 155  OM857195    0.45%    passed     99.67%
 156  OM857337    0.58%    passed     96.45%
 157  OM857345    0.58%    passed     93.57%
 158  OM857336    0.58%    passed     96.52%
 159  OM857354    0.56%    passed     97.86%
 160  OM857347    0.58%    passed     95.31%
****  TOTAL       1.09%  0 sequences failed composition chi2 test (p-value<5%; df=3)
NOTE: MG642079 is identical to MG642031 but kept for subsequent analysis
NOTE: MT422272 is identical to MT422271 but kept for subsequent analysis
Checking for duplicate sequences: done in 0.00114535 secs using 81.72% CPU

Create initial parsimony tree by phylogenetic likelihood library (PLL)... 0.001 seconds

NOTE: 15 MB RAM (0 GB) is required!
Estimate model parameters (epsilon = 0.500)
1. Initial log-likelihood: -253563.407
2. Current log-likelihood: -228160.058
3. Current log-likelihood: -227858.829
4. Current log-likelihood: -227557.673
Optimal log-likelihood: -227390.006
Rate parameters:  A-C: 1.89811  A-G: 9.25381  A-T: 1.78291  C-G: 0.12294  C-T: 19.04367  G-T: 1.00000
Base frequencies:  A: 0.389  C: 0.177  G: 0.157  T: 0.277
Parameters optimization took 4 rounds (1.255 sec)
Wrote distance file to... 
Computing ML distances based on estimated model parameters...
Calculating distance matrix: done in 0.0860144 secs using 98.02% CPU
Computing ML distances took 0.087440 sec (of wall-clock time) 0.085667 sec (of CPU time)
Setting up auxiliary I and S matrices: done in 0.000346787 secs using 100.1% CPU
Constructing RapidNJ tree: done in 0.000822725 secs using 222.2% CPU
Computing RapidNJ tree took 0.001193 sec (of wall-clock time) 0.002197 sec (of CPU time)
Log-likelihood of RapidNJ tree: -68963.788
--------------------------------------------------------------------
|             INITIALIZING CANDIDATE TREE SET                      |
--------------------------------------------------------------------

Do NNI search on 2 best initial trees
Optimizing NNI: done in 0.218091 secs using 97.37% CPU
Estimate model parameters (epsilon = 0.500)
BETTER TREE FOUND at iteration 1: -68807.353
Optimizing NNI: done in 4.27009 secs using 97.99% CPU
Finish initializing candidate tree set (4)
Current best tree score: -68807.353 / CPU time: 4.778
Number of iterations: 2
TREE SEARCH COMPLETED AFTER 2 ITERATIONS / Time: 0h:0m:6s

--------------------------------------------------------------------
|                    FINALIZING TREE SEARCH                        |
--------------------------------------------------------------------
Performs final model parameters optimization
Estimate model parameters (epsilon = 0.050)
1. Initial log-likelihood: -68807.353
Optimal log-likelihood: -68807.353
Rate parameters:  A-C: 1.76934  A-G: 9.32819  A-T: 1.32676  C-G: 0.12012  C-T: 18.04267  G-T: 1.00000
Base frequencies:  A: 0.389  C: 0.177  G: 0.157  T: 0.277
Parameters optimization took 1 rounds (0.101 sec)
BEST SCORE FOUND : -68807.353
Total tree length: 0.447

Total number of iterations: 2
CPU time used for tree search: 4.667 sec (0h:0m:4s)
Wall-clock time used for tree search: 4.778 sec (0h:0m:4s)
Total CPU time used: 6.217 sec (0h:0m:6s)
Total wall-clock time used: 6.331 sec (0h:0m:6s)

Analysis results written to: 
  IQ-TREE report:                results/rsv/alignedandsorted-delim.fasta.iqtree
  Maximum-likelihood tree:       results/rsv/alignedandsorted-delim.fasta.treefile
  Likelihood distances:          results/rsv/alignedandsorted-delim.fasta.mldist
  Screen log file:               results/rsv/alignedandsorted-delim.fasta.log

Date and Time: Tue Jul 12 14:03:08 2022
