Building DAG of jobs...
Relative file path './source-data/geolocation-rules.tsv' starts with './'. This is redundant and strongly discouraged. It can also lead to inconsistent results of the file-matching approach used by Snakemake. You can simply omit the './' for relative file paths.
Using shell: /bin/bash
Provided cores: 1 (use --cores to define parallelism)
Rules claiming more threads will be scaled down.
Job counts:
	count	jobs
	1	all
	1	csv_to_ndjson
	1	fetch_all_sequences
	1	fetch_from_genbank
	2	transform
	6

[Thu Jul 14 09:44:28 2022]
rule transform:
    input: data/b_sequences.ndjson, data/all-geolocation-rules.tsv
    output: data/b_metadata.tsv, data/b_sequences.fasta
    log: logs/b_transform.txt
    jobid: 2
    wildcards: type=b


        (cat data/b_sequences.ndjson             | ./bin/transform-field-names                 --field-map collected=date submitted=date_submitted genbank_accession=accession             | ./bin/transform-string-fields --normalize             | ./bin/transform-strain-names                 --strain-regex ^.+$                 --backup-fields accession             | ./bin/transform-date-fields                 --date-fields date date_submitted                 --expected-date-formats %Y %Y-%m %Y-%m-%d %Y-%m-%dT%H:%M:%SZ             | ./bin/transform-genbank-location             | ./bin/transform-string-fields                 --titlecase-fields region country division location                 --articles and d de del des di do en l la las le los nad of op sur the y                 --abbreviations USA             | ./bin/transform-authors                 --authors-field authors                 --default-value ?                 --abbr-authors-field abbr_authors             | ./bin/apply-geolocation-rules                 --geolocation-rules data/all-geolocation-rules.tsv             | ./bin/merge-user-metadata                 --annotations ./source-data/annotations.tsv                 --id-field accession             | ./bin/ndjson-to-tsv-and-fasta                 --metadata-columns accession genbank_accession_rev strain date region country division location host date_submitted sra_accession abbr_authors reverse authors institution                 --metadata data/b_metadata.tsv                 --id-field accession                 --sequence-field sequence ) 2>> logs/b_transform.txt
        
Waiting at most 5 seconds for missing files.
Terminating processes on user request, this might take some time.
MissingOutputException in line 39 of /nextstrain/build/workflow/snakemake_rules/transform.smk:
Missing files after 5 seconds:
data/b_sequences.fasta
This might be due to filesystem latency. If that is the case, consider to increase the wait time with --latency-wait.
Removing output files of failed job transform since they might be corrupted:
data/b_metadata.tsv
Complete log: /nextstrain/build/.snakemake/log/2022-07-14T094428.799302.snakemake.log
